[20:06:20] [WARNING] mysql_connect: no password specified
[20:07:50] [WARNING] mysql_connect: no password specified
[20:10:09] [WARNING] mysql_connect: no password specified
[20:12:32] [WARNING] mysql_connect: no password specified
[20:15:16] [WARNING] mysql_connect: no password specified
[20:20:11] [WARNING] mysql_connect: no password specified
[20:24:25] [WARNING] mysql_connect: no password specified
[20:25:30] [ERROR] error #1054 while executing query "UPDATE doors SET `characterid`='1', `enterX`='5512.317871', `enterY`='2029.377563', `enterZ`='142.256683', `exitX`='0.000000', `exitY`='0.000000', `exitZ`='0.000000', `enterState`='1', `doorModel`='1557', `doorCoords1`='5513.000000', `doorCoords2`='2027.960815', `doorCoords3`='141.258377', `doorCoords4`='1.000000', `doorCoords5`='1.000000', `doorCoords6`='86.900078', `movedoorCoords1`='5513.000000', `movedoorCoords2`='2027.960815', `movedoorCoords3`='141.258377', `movedoorCoords4`='1.000000', `movedoorCoords5`='1.000000', `movedoorCoords6`='12.700167', `dorVw`='0', `exitVw`='0', `doorState`='0', `doorType`='1' WHERE listid = '4' LIMIT 1": Unknown column 'dorVw' in 'field list'
[20:27:06] [WARNING] mysql_connect: no password specified
[20:27:13] [ERROR] error #1054 while executing query "UPDATE doors SET `characterid`='1', `enterX`='5512.319824', `enterY`='2029.380005', `enterZ`='2029.380005', `exitX`='0.000000', `exitY`='0.000000', `exitZ`='0.000000', `enterState`='1', `doorModel`='1557', `doorCoords1`='0.000000', `doorCoords2`='0.000000', `doorCoords3`='0.000000', `doorCoords4`='0.000000', `doorCoords5`='0.000000', `doorCoords6`='0.000000', `movedoorCoords1`='0.000000', `movedoorCoords2`='0.000000', `movedoorCoords3`='0.000000', `movedoorCoords4`='0.000000', `movedoorCoords5`='0.000000', `movedoorCoords6`='0.000000', `dorVw`='0', `exitVw`='0', `doorState`='0', `doorType`='1' WHERE listid = '4' LIMIT 1": Unknown column 'dorVw' in 'field list'
[20:32:16] [WARNING] mysql_connect: no password specified
[20:33:12] [ERROR] error #1054 while executing query "UPDATE doors SET `characterid`='1', `enterX`='5512.319824', `enterY`='2029.380005', `enterZ`='2029.380005', `exitX`='0.000000', `exitY`='0.000000', `exitZ`='0.000000', `enterState`='1', `doorModel`='1557', `doorCoords1`='0.000000', `doorCoords2`='0.000000', `doorCoords3`='0.000000', `doorCoords4`='0.000000', `doorCoords5`='0.000000', `doorCoords6`='0.000000', `movedoorCoords1`='0.000000', `movedoorCoords2`='0.000000', `movedoorCoords3`='0.000000', `movedoorCoords4`='0.000000', `movedoorCoords5`='0.000000', `movedoorCoords6`='0.000000', `dorVw`='0', `exitVw`='0', `doorState`='0', `doorType`='1' WHERE listid = '4' LIMIT 1": Unknown column 'dorVw' in 'field list'
[20:33:12] [ERROR] error #1054 while executing query "UPDATE doors SET `characterid`='1', `enterX`='5513.839844', `enterY`='2027.561768', `enterZ`='142.272644', `exitX`='0.000000', `exitY`='0.000000', `exitZ`='0.000000', `enterState`='1', `doorModel`='1557', `doorCoords1`='5513.839844', `doorCoords2`='2027.561768', `doorCoords3`='141.272644', `doorCoords4`='1.000000', `doorCoords5`='1.000000', `doorCoords6`='1.000000', `movedoorCoords1`='5513.839844', `movedoorCoords2`='2027.561768', `movedoorCoords3`='141.272644', `movedoorCoords4`='1.000000', `movedoorCoords5`='1.000000', `movedoorCoords6`='-82.999969', `dorVw`='0', `exitVw`='0', `doorState`='0', `doorType`='1' WHERE listid = '5' LIMIT 1": Unknown column 'dorVw' in 'field list'
[20:39:21] [WARNING] mysql_connect: no password specified
[20:40:27] [ERROR] error #1054 while executing query "UPDATE doors SET `characterid`='1', `enterX`='5514.932617', `enterY`='2027.948486', `enterZ`='142.272644', `exitX`='0.000000', `exitY`='0.000000', `exitZ`='0.000000', `enterState`='1', `doorModel`='1557', `doorCoords1`='5513.029785', `doorCoords2`='2027.967041', `doorCoords3`='141.294830', `doorCoords4`='1.000000', `doorCoords5`='1.000000', `doorCoords6`='89.800026', `movedoorCoords1`='5513.029785', `movedoorCoords2`='2027.967041', `movedoorCoords3`='141.294830', `movedoorCoords4`='1.000000', `movedoorCoords5`='1.000000', `movedoorCoords6`='2.800082', `dorVw`='0', `exitVw`='0', `doorState`='0', `doorType`='1' WHERE listid = '6' LIMIT 1": Unknown column 'dorVw' in 'field list'
[21:29:03] [WARNING] mysql_connect: no password specified
[21:31:38] [ERROR] error #1054 while executing query "UPDATE doors SET `characterid`='1', `enterX`='5511.826172', `enterY`='2028.160767', `enterZ`='142.256683', `exitX`='0.000000', `exitY`='0.000000', `exitZ`='0.000000', `enterState`='1', `doorModel`='1557', `doorCoords1`='5512.442383', `doorCoords2`='2028.992188', `doorCoords3`='141.256683', `doorCoords4`='1.000000', `doorCoords5`='1.000000', `doorCoords6`='1.000000', `movedoorCoords1`='5512.442383', `movedoorCoords2`='2028.992188', `movedoorCoords3`='141.256683', `movedoorCoords4`='1.000000', `movedoorCoords5`='1.000000', `movedoorCoords6`='84.300018', `dorVw`='0', `exitVw`='0', `doorState`='1', `doorType`='1' WHERE listid = '7' LIMIT 1": Unknown column 'dorVw' in 'field list'
[21:32:25] [WARNING] mysql_connect: no password specified
[21:33:15] [ERROR] error #1054 while executing query "UPDATE doors SET `characterid`='1', `enterX`='5512.140137', `enterY`='2028.729980', `enterZ`='2028.729980', `exitX`='0.000000', `exitY`='0.000000', `exitZ`='0.000000', `enterState`='1', `doorModel`='1557', `doorCoords1`='0.000000', `doorCoords2`='0.000000', `doorCoords3`='0.000000', `doorCoords4`='0.000000', `doorCoords5`='0.000000', `doorCoords6`='0.000000', `movedoorCoords1`='0.000000', `movedoorCoords2`='0.000000', `movedoorCoords3`='0.000000', `movedoorCoords4`='0.000000', `movedoorCoords5`='0.000000', `movedoorCoords6`='0.000000', `dorVw`='0', `exitVw`='0', `doorState`='0', `doorType`='1' WHERE listid = '7' LIMIT 1": Unknown column 'dorVw' in 'field list'
[21:33:15] [ERROR] error #1054 while executing query "UPDATE doors SET `characterid`='1', `enterX`='5512.858398', `enterY`='2028.803833', `enterZ`='142.256683', `exitX`='0.000000', `exitY`='0.000000', `exitZ`='0.000000', `enterState`='1', `doorModel`='1557', `doorCoords1`='5512.601563', `doorCoords2`='2028.639648', `doorCoords3`='141.256683', `doorCoords4`='1.000000', `doorCoords5`='1.000000', `doorCoords6`='1.000000', `movedoorCoords1`='5512.601563', `movedoorCoords2`='2028.639648', `movedoorCoords3`='141.256683', `movedoorCoords4`='1.000000', `movedoorCoords5`='1.000000', `movedoorCoords6`='-120.800003', `dorVw`='0', `exitVw`='0', `doorState`='1', `doorType`='1' WHERE listid = '8' LIMIT 1": Unknown column 'dorVw' in 'field list'
[21:35:11] [WARNING] mysql_connect: no password specified
[21:36:53] [ERROR] error #1054 while executing query "UPDATE doors SET `characterid`='1', `enterX`='5512.771973', `enterY`='2029.127075', `enterZ`='142.256683', `exitX`='0.000000', `exitY`='0.000000', `exitZ`='0.000000', `enterState`='1', `doorModel`='1557', `doorCoords1`='5513.008789', `doorCoords2`='2028.120728', `doorCoords3`='141.256058', `doorCoords4`='1.000000', `doorCoords5`='1.000000', `doorCoords6`='88.199913', `movedoorCoords1`='5513.008789', `movedoorCoords2`='2028.120728', `movedoorCoords3`='141.256058', `movedoorCoords4`='1.000000', `movedoorCoords5`='1.000000', `movedoorCoords6`='3.099929', `dorVw`='0', `exitVw`='0', `doorState`='1', `doorType`='1' WHERE listid = '9' LIMIT 1": Unknown column 'dorVw' in 'field list'
[21:37:45] [WARNING] mysql_connect: no password specified
[21:38:34] [ERROR] error #1054 while executing query "UPDATE doors SET `characterid`='1', `enterX`='5512.433594', `enterY`='2028.576294', `enterZ`='142.256683', `exitX`='0.000000', `exitY`='0.000000', `exitZ`='0.000000', `enterState`='1', `doorModel`='1557', `doorCoords1`='5512.433594', `doorCoords2`='2028.576294', `doorCoords3`='141.256683', `doorCoords4`='1.000000', `doorCoords5`='1.000000', `doorCoords6`='1.000000', `movedoorCoords1`='5512.433594', `movedoorCoords2`='2028.576294', `movedoorCoords3`='141.256683', `movedoorCoords4`='1.000000', `movedoorCoords5`='1.000000', `movedoorCoords6`='-84.900017', `dorVw`='0', `exitVw`='0', `doorState`='0', `doorType`='1' WHERE listid = '10' LIMIT 1": Unknown column 'dorVw' in 'field list'
[21:40:41] [WARNING] mysql_connect: no password specified
[21:42:41] [WARNING] mysql_connect: no password specified
[21:45:42] [WARNING] mysql_connect: no password specified
[21:53:54] [WARNING] mysql_connect: no password specified
[21:55:53] [WARNING] mysql_connect: no password specified
[00:18:00] [WARNING] mysql_connect: no password specified
[00:22:35] [WARNING] mysql_connect: no password specified
[00:23:49] [WARNING] mysql_connect: no password specified
[00:24:43] [WARNING] mysql_connect: no password specified
[00:33:55] [WARNING] mysql_connect: no password specified
[00:38:01] [WARNING] mysql_connect: no password specified
[00:38:56] [WARNING] mysql_connect: no password specified
[01:07:30] [WARNING] mysql_connect: no password specified
[11:50:14] [WARNING] mysql_connect: no password specified
[23:58:23] [WARNING] mysql_connect: no password specified
[00:08:30] [WARNING] mysql_connect: no password specified
[00:08:43] [WARNING] mysql_connect: no password specified
[00:12:34] [WARNING] mysql_connect: no password specified
[00:14:46] [WARNING] mysql_connect: no password specified
[00:15:41] [WARNING] mysql_connect: no password specified
[00:17:17] [WARNING] mysql_connect: no password specified
[00:18:05] [WARNING] mysql_connect: no password specified
[00:18:57] [WARNING] mysql_connect: no password specified
[00:20:59] [WARNING] mysql_connect: no password specified
[00:23:09] [WARNING] mysql_connect: no password specified
[00:29:30] [WARNING] mysql_connect: no password specified
[00:35:08] [WARNING] mysql_connect: no password specified
[00:35:08] [ERROR] cache_get_value_name_int: invalid row index '5671852' (number of rows: '2')
[00:37:48] [WARNING] mysql_connect: no password specified
[11:34:14] [WARNING] mysql_connect: no password specified
[11:34:16] [ERROR] CConnection::CConnection - establishing connection to MySQL database failed: #2002 'Can't connect to MySQL server on '127.0.0.1' (10061)'
[11:34:18] [ERROR] CConnection::CConnection - establishing connection to MySQL database failed: #2002 'Can't connect to MySQL server on '127.0.0.1' (10061)'
[11:34:20] [ERROR] CConnection::CConnection - establishing connection to MySQL database failed: #2002 'Can't connect to MySQL server on '127.0.0.1' (10061)'
[11:34:22] [ERROR] CConnection::CConnection - establishing connection to MySQL database failed: #2002 'Can't connect to MySQL server on '127.0.0.1' (10061)'
[11:34:39] [WARNING] mysql_connect: no password specified
[11:52:20] [WARNING] mysql_connect: no password specified
[11:54:57] [WARNING] mysql_connect: no password specified
[11:56:36] [WARNING] mysql_connect: no password specified
[11:59:32] [WARNING] mysql_connect: no password specified
[12:01:41] [WARNING] mysql_connect: no password specified
[12:06:20] [WARNING] mysql_connect: no password specified
[15:58:27] [WARNING] mysql_connect: no password specified
[16:02:52] [WARNING] mysql_connect: no password specified
[16:04:56] [WARNING] mysql_connect: no password specified
[16:08:39] [WARNING] mysql_connect: no password specified
[16:11:22] [WARNING] mysql_connect: no password specified
[16:46:39] [WARNING] mysql_connect: no password specified
